"../../../Mission2Mars/Content/Graphics/Materials/Textures/concrete-1.uasset" 0
"../../../Mission2Mars/Content/Graphics/Materials/Textures/mars_global.uasset" 1
"../../../Mission2Mars/Content/Graphics/Materials/Textures/mars_rock.uasset" 2
"../../../Mission2Mars/Content/Graphics/Materials/Textures/mars_sand.uasset" 3
"../../../Mission2Mars/Content/Graphics/Materials/Textures/sky_earth.uasset" 4
"../../../Mission2Mars/Content/Graphics/Materials/Textures/sky_mars.uasset" 5
"../../../Engine/Content/Functions/Engine_MaterialFunctions01/Opacity/CameraDepthFade.uasset" 6
"../../../Engine/Content/EngineMaterials/T_Default_Material_Grid_M.uasset" 7
"../../../Engine/Content/EngineMaterials/T_Default_Material_Grid_N.uasset" 8
"../../../Engine/Content/EngineMaterials/DefaultMaterial.uasset" 9
"../../../Engine/Content/BasicShapes/Cone.uasset" 10
"../../../Engine/Content/BasicShapes/Sphere.uasset" 11
"../../../Engine/Content/EditorLandscapeResources/DataLayer.uasset" 12
"../../../Engine/Content/EditorMaterials/GizmoMaterial.uasset" 13
"../../../Engine/Content/EditorMaterials/MAT_Groups_Toggle.uasset" 14
"../../../Engine/Content/EditorMaterials/MAT_Groups_Visibility.uasset" 15
"../../../Engine/Content/EditorMaterials/PreviewShadowIndicator.uasset" 16
"../../../Engine/Content/EditorMaterials/PreviewShadowIndicatorMaterial.uasset" 17
"../../../Engine/Content/EditorMaterials/AssetViewer/EpicQuadPanorama_CC+EV1.uasset" 18
"../../../Engine/Content/EditorMaterials/MatineeGroups/MAT_ColorTrack.uasset" 19
"../../../Engine/Content/EditorMaterials/MatineeGroups/MAT_Groups_Anim.uasset" 20
"../../../Engine/Content/EditorMaterials/MatineeGroups/MAT_Groups_AudioMaster.uasset" 21
"../../../Engine/Content/EditorMaterials/MatineeGroups/MAT_Groups_Director.uasset" 22
"../../../Engine/Content/EditorMaterials/MatineeGroups/MAT_Groups_Event.uasset" 23
"../../../Engine/Content/EditorMaterials/MatineeGroups/MAT_Groups_Fade.uasset" 24
"../../../Engine/Content/EditorMaterials/MatineeGroups/MAT_Groups_Float.uasset" 25
"../../../Engine/Content/EditorMaterials/MatineeGroups/MAT_Groups_Move.uasset" 26
"../../../Engine/Content/EditorMaterials/MatineeGroups/MAT_Groups_Slomo.uasset" 27
"../../../Engine/Content/EditorMaterials/MatineeGroups/MAT_Groups_Sound.uasset" 28
"../../../Engine/Content/EditorMaterials/MatineeGroups/MAT_Groups_Vector.uasset" 29
"../../../Engine/Content/EditorMaterials/ParticleSystems/PSysThumbnail_NoImage.uasset" 30
"../../../Engine/Content/EditorMaterials/ParticleSystems/PSysThumbnail_OOD.uasset" 31
"../../../Engine/Content/EditorMaterials/Camera/CineMat.uasset" 32
"../../../Engine/Content/EditorMaterials/Camera/MI_CineMat_Rig.uasset" 33
"../../../Engine/Content/EditorMeshes/Camera/SM_CraneRig_Arm.uasset" 34
"../../../Engine/Content/EditorMeshes/Camera/SM_CraneRig_Base.uasset" 35
"../../../Engine/Content/EditorMeshes/Camera/SM_CraneRig_Body.uasset" 36
"../../../Engine/Content/EditorMeshes/Camera/SM_CraneRig_Mount.uasset" 37
"../../../Engine/Content/EditorMeshes/Camera/SM_RailRig_Mount.uasset" 38
"../../../Engine/Content/EditorMeshes/Camera/SM_RailRig_Track.uasset" 39
"../../../Engine/Content/EditorMeshes/ColorCalibrator/M_ChromeBall.uasset" 40
"../../../Engine/Content/EditorMeshes/ColorCalibrator/M_ClearCoat.uasset" 41
"../../../Engine/Content/EditorMeshes/ColorCalibrator/M_ClearCoatBlack.uasset" 42
"../../../Engine/Content/EditorMeshes/ColorCalibrator/T_ColorGrid.uasset" 43
"../../../Engine/Content/EditorMeshes/ColorCalibrator/M_ColorGrid.uasset" 44
"../../../Engine/Content/EditorMeshes/ColorCalibrator/M_GreyBall.uasset" 45
"../../../Engine/Content/EditorMeshes/ColorCalibrator/SM_ColorCalibrator.uasset" 46
"../../../Engine/Content/EditorResources/BSPVertex.uasset" 47
"../../../Engine/Content/EditorResources/EmptyActor.uasset" 48
"../../../Engine/Content/EditorResources/S_Actor.uasset" 49
"../../../Engine/Content/EditorResources/S_Trigger.uasset" 50
"../../../Engine/Content/EditorResources/LightIcons/S_LightError.uasset" 51
"../../../Engine/Content/EditorResources/SequenceRecorder/Countdown.uasset" 52
"../../../Engine/Content/EditorResources/SequenceRecorder/RecordingIndicator.uasset" 53
"../../../Engine/Content/EditorSounds/Notifications/CompileFailed.uasset" 54
"../../../Engine/Content/EditorSounds/Notifications/CompileFailed_Cue.uasset" 55
"../../../Engine/Content/EditorSounds/Notifications/CompileSuccess.uasset" 56
"../../../Engine/Content/EditorSounds/Notifications/CompileStart_Cue.uasset" 57
"../../../Engine/Content/EditorSounds/Notifications/CompileSuccess_Cue.uasset" 58
"../../../Engine/Content/EngineDamageTypes/DmgTypeBP_Environmental.uasset" 59
"../../../Engine/Content/EngineDebugMaterials/HeatmapGradient.uasset" 60
"../../../Engine/Content/EngineDebugMaterials/BoneWeightMaterial.uasset" 61
"../../../Engine/Content/EngineDebugMaterials/ClothMaterial.uasset" 62
"../../../Engine/Content/EngineDebugMaterials/DebugMeshMaterial.uasset" 63
"../../../Engine/Content/EngineDebugMaterials/GeomMaterial.uasset" 64
"../../../Engine/Content/EngineFonts/Faces/RobotoBold.uasset" 65
"../../../Engine/Content/EngineFonts/Faces/RobotoBoldItalic.uasset" 66
"../../../Engine/Content/EngineFonts/Faces/RobotoItalic.uasset" 67
"../../../Engine/Content/EngineFonts/Faces/RobotoLight.uasset" 68
"../../../Engine/Content/EngineFonts/Faces/RobotoRegular.uasset" 69
"../../../Engine/Content/EngineFonts/Roboto.uasset" 70
"../../../Engine/Content/EngineFonts/Faces/RobotoTiny.uasset" 71
"../../../Engine/Content/EngineFonts/RobotoTiny.uasset" 72
"../../../Engine/Content/EngineMaterials/DefaultBloomKernel.uasset" 73
"../../../Engine/Content/EngineMaterials/DefaultBokeh.uasset" 74
"../../../Engine/Content/EngineMaterials/DefaultDiffuse.uasset" 75
"../../../Engine/Content/EngineMaterials/DefaultDeferredDecalMaterial.uasset" 76
"../../../Engine/Content/EngineMaterials/DefaultLightFunctionMaterial.uasset" 77
"../../../Engine/Content/EngineMaterials/DefaultPhysicalMaterial.uasset" 78
"../../../Engine/Content/Functions/Engine_MaterialFunctions02/Utility/BreakOutFloat2Components.uasset" 79
"../../../Engine/Content/EngineMaterials/DefaultPostProcessMaterial.uasset" 80
"../../../Engine/Content/EngineFonts/RobotoDistanceField.uasset" 81
"../../../Engine/Content/EngineMaterials/DefaultTextMaterialOpaque.uasset" 82
"../../../Engine/Content/EngineMaterials/DefaultWhiteGrid.uasset" 83
"../../../Engine/Content/EngineMaterials/EditorBrushMaterial.uasset" 84
"../../../Engine/Content/EngineMaterials/Good64x64TilingNoiseHighFreq.uasset" 85
"../../../Engine/Content/EngineMaterials/MiniFont.uasset" 86
"../../../Engine/Content/EngineMaterials/InvalidLightmapSettings.uasset" 87
"../../../Engine/Content/EngineMaterials/M_InvalidLightmapSettings.uasset" 88
"../../../Engine/Content/EngineMaterials/PhAT_JointLimitMaterial.uasset" 89
"../../../Engine/Content/EngineMaterials/PreintegratedSkinBRDF.uasset" 90
"../../../Engine/Content/EngineMaterials/RemoveSurfaceMaterial.uasset" 91
"../../../Engine/Content/EngineMaterials/WeightMapPlaceholderTexture.uasset" 92
"../../../Engine/Content/EngineResources/WhiteSquareTexture.uasset" 93
"../../../Engine/Content/EngineMaterials/Widget3DPassThrough.uasset" 94
"../../../Engine/Content/EngineMaterials/Widget3DPassThrough_Masked.uasset" 95
"../../../Engine/Content/EngineMaterials/Widget3DPassThrough_Opaque.uasset" 96
"../../../Engine/Content/EngineMaterials/Widget3DPassThrough_Masked_OneSided.uasset" 97
"../../../Engine/Content/EngineMaterials/Widget3DPassThrough_Opaque_OneSided.uasset" 98
"../../../Engine/Content/EngineMaterials/Widget3DPassThrough_Translucent.uasset" 99
"../../../Engine/Content/EngineMaterials/Widget3DPassThrough_Translucent_OneSided.uasset" 100
"../../../Engine/Content/EngineMeshes/Cube.uasset" 101
"../../../Engine/Content/EngineMeshes/Cylinder.uasset" 102
"../../../Engine/Content/EngineMeshes/Sphere.uasset" 103
"../../../Engine/Content/EngineResources/Black.uasset" 104
"../../../Engine/Content/EngineResources/DefaultTexture.uasset" 105
"../../../Engine/Content/EngineResources/DefaultTextureCube.uasset" 106
"../../../Engine/Content/EngineResources/GradientTexture0.uasset" 107
"../../../Engine/Content/EngineSounds/Master.uasset" 108
"../../../Engine/Content/Functions/Engine_MaterialFunctions01/Shading/ConvertFromDiffSpec.uasset" 109
"../../../Engine/Content/Functions/Engine_MaterialFunctions01/Shading/PowerToRoughness.uasset" 110
"../../../Engine/Content/Maps/Templates/Thumbnails/Default.uasset" 111
"../../../Engine/Content/Maps/Templates/Thumbnails/VR-Basic.uasset" 112
"../../../Engine/Content/MobileResources/T_MobileControls_texture.uasset" 113
"../../../Engine/Content/MobileResources/T_MobileMenu2.uasset" 114
"../../../Engine/Content/MobileResources/HUD/AnalogHat.uasset" 115
"../../../Engine/Content/MobileResources/HUD/VirtualJoystick_Background.uasset" 116
"../../../Engine/Content/MobileResources/HUD/VirtualJoystick_Thumb.uasset" 117
"../../../Engine/Content/MobileResources/HUD/DefaultVirtualJoysticks.uasset" 118
"../../../Engine/Content/MobileResources/HUD/LeftVirtualJoystickOnly.uasset" 119
"../../../Engine/Content/MobileResources/HUD/MobileHUDButton1_off.uasset" 120
"../../../Engine/Content/MobileResources/HUD/MobileHUDButton1_on.uasset" 121
"../../../Engine/Content/MobileResources/HUD/MobileHUDButton2_off.uasset" 122
"../../../Engine/Content/MobileResources/HUD/MobileHUDButton2_on.uasset" 123
"../../../Engine/Content/MobileResources/HUD/MobileHUDButton3.uasset" 124
"../../../Engine/Content/MobileResources/HUD/MobileHUDButtonFire.uasset" 125
"../../../Engine/Content/MobileResources/HUD/MobileHUDDirectionPad.uasset" 126
"../../../Engine/Content/MobileResources/HUD/MobileHUDDirectionPad2.uasset" 127
"../../../Engine/Content/MobileResources/HUD/MobileHUDDirectionPad3.uasset" 128
"../../../Engine/Content/MobileResources/HUD/MobileHUDDirectionStick.uasset" 129
"../../../Engine/Content/MobileResources/HUD/T_Castle_ThumbstickInner.uasset" 130
"../../../Engine/Content/MobileResources/HUD/T_Castle_ThumbstickOutter.uasset" 131
"../../../Engine/Content/Tutorial/ContentIntroCurve.uasset" 132
"../../../Engine/Content/Tutorial/Basics/TutorialAssets/icon_tab_Levels_40x.uasset" 133
"../../../Engine/Content/Tutorial/BlueprintTutorials/TutorialAssets/BlueprintInterface_64x.uasset" 134
"../../../Engine/Content/Tutorial/BlueprintTutorials/TutorialAssets/BlueprintMacroLibrary_64x.uasset" 135
"../../../Engine/Content/Tutorial/BlueprintTutorials/TutorialAssets/Blueprint_64x.uasset" 136
"../../../Engine/Content/Tutorial/BlueprintTutorials/TutorialAssets/Tutorial_BP_Interface.uasset" 137
"../../../Engine/Content/Tutorial/Foliage/TutorialAssets/Foliage.uasset" 138
"../../../Engine/Content/Tutorial/Landscape/TutorialAssets/Landscape.uasset" 139
"../../../Engine/Content/Tutorial/Paper2D/TutorialAssets/Paper2DFlipbook_TutorialIcon.uasset" 140
"../../../Engine/Content/Tutorial/Paper2D/TutorialAssets/Paper2DSprite_TutorialIcon.uasset" 141
"../../../Engine/Content/Tutorial/SubEditors/TutorialAssets/icon_Editor_Preferences_General_40x.uasset" 142
"../../../Engine/Content/Tutorial/SubEditors/TutorialAssets/icon_ShowSkeletalMeshes_40x.uasset" 143
"../../../Engine/Content/Tutorial/SubEditors/TutorialAssets/TutorialMaterial.uasset" 144
"../../../Engine/Content/Tutorial/SubEditors/TutorialAssets/T_SmokeSubUV_8X8.uasset" 145
"../../../Engine/Content/Tutorial/SubEditors/TutorialAssets/T_soft_smoke.uasset" 146
"../../../Engine/Content/Tutorial/SubEditors/TutorialAssets/M_smoke_subUV_blackbody.uasset" 147
"../../../Engine/Content/Tutorial/SubEditors/TutorialAssets/TutorialParticleSystem.uasset" 148
"../../../Engine/Content/EngineMaterials/WorldGridMaterial.uasset" 149
"../../../Engine/Content/EditorMeshes/EditorCube.uasset" 150
"../../../Engine/Content/Tutorial/SubEditors/TutorialAssets/Tutorial_DM.uasset" 151
"../../../Engine/Content/VREditor/Devices/Generic/GenericHMDMaterial.uasset" 152
"../../../Engine/Content/VREditor/Devices/Generic/GenericHMD.uasset" 153
"../../../Engine/Content/VREditor/FloatingText/LineMaterial.uasset" 154
"../../../Engine/Content/VREditor/FloatingText/JointSphere.uasset" 155
"../../../Engine/Content/VREditor/FloatingText/LineSegmentCylinder.uasset" 156
"../../../Engine/Content/VREditor/Fonts/VRText_RobotoLarge.uasset" 157
"../../../Engine/Content/VREditor/Fonts/VRTextMaterial.uasset" 158
"../../../Engine/Content/VREditor/Fonts/TranslucentVRTextMaterial.uasset" 159
"../../../Engine/Content/VREditor/LaserPointer/VR_LaserPower_01.uasset" 160
"../../../Engine/Content/VREditor/TransformGizmo/TransformGizmoMaterial.uasset" 161
"../../../Engine/Content/VREditor/LaserPointer/HoverMaterial.uasset" 162
"../../../Engine/Content/VREditor/TransformGizmo/TranslucentTransformGizmoMaterial.uasset" 163
"../../../Engine/Content/VREditor/LaserPointer/TranslucentHoverMaterial.uasset" 164
"../../../Engine/Content/VREditor/LaserPointer/HoverMesh.uasset" 165
"../../../Engine/Content/VREditor/LaserPointer/LaserPointerMaterial.uasset" 166
"../../../Engine/Content/VREditor/LaserPointer/LaserPointerMaterialInst.uasset" 167
"../../../Engine/Content/VREditor/LaserPointer/TranslucentLaserPointerMaterialInst.uasset" 168
"../../../Engine/Content/VREditor/LaserPointer/LaserPointerMesh.uasset" 169
"../../../Engine/Content/VREditor/LaserPointer/LaserPointerMesh_End.uasset" 170
"../../../Engine/Content/VREditor/LaserPointer/LaserPointerMesh_Start.uasset" 171
"../../../Engine/Content/Functions/Engine_MaterialFunctions02/Utility/BreakOutFloat3Components.uasset" 172
"../../../Engine/Content/Functions/Engine_MaterialFunctions02/Math/Transform3x3Matrix.uasset" 173
"../../../Engine/Content/Functions/Engine_MaterialFunctions02/SplitComponents.uasset" 174
"../../../Engine/Content/Functions/Engine_MaterialFunctions02/Utility/MakeFloat3.uasset" 175
"../../../Engine/Content/VREditor/SnapGrid/SnapGridMaterial.uasset" 176
"../../../Engine/Content/VREditor/SnapGrid/SnapGridPlaneMesh.uasset" 177
"../../../Engine/Content/VREditor/Sounds/VR_teleport_Cue.uasset" 178
"../../../Engine/Content/VREditor/Sounds/UI/Click_on_Button_Cue.uasset" 179
"../../../Engine/Content/VREditor/Sounds/UI/Dockable_Window_Close.uasset" 180
"../../../Engine/Content/VREditor/Sounds/UI/Dockable_Window_Drop.uasset" 181
"../../../Engine/Content/VREditor/Sounds/UI/Dockable_Window_Open.uasset" 182
"../../../Engine/Content/VREditor/Sounds/UI/Dockable_Window_Pick_Up.uasset" 183
"../../../Engine/Content/VREditor/Sounds/UI/Drop_Item_From_ContentBrowser.uasset" 184
"../../../Engine/Content/VREditor/Sounds/UI/Floating_UI_Open-001.uasset" 185
"../../../Engine/Content/VREditor/Sounds/UI/Gizmo_Handle_Clicked.uasset" 186
"../../../Engine/Content/VREditor/Sounds/UI/Object_PickUp.uasset" 187
"../../../Engine/Content/VREditor/Sounds/UI/Object_Snaps_To_Another_Actor.uasset" 188
"../../../Engine/Content/VREditor/Sounds/UI/Object_Snaps_To_Grid.uasset" 189
"../../../Engine/Content/VREditor/Sounds/UI/Radial_Menu_FadeOut.uasset" 190
"../../../Engine/Content/VREditor/Sounds/UI/Scaling_Down.uasset" 191
"../../../Engine/Content/VREditor/Sounds/UI/Scaling_Up.uasset" 192
"../../../Engine/Content/VREditor/Sounds/UI/Selection_Changes.uasset" 193
"../../../Engine/Content/VREditor/Sounds/UI/Teleport_Mode_Entered.uasset" 194
"../../../Engine/Content/VREditor/Teleport/TeleportDirectionMaterial.uasset" 195
"../../../Engine/Content/VREditor/Teleport/TeleportDirectionMaterial_Inst.uasset" 196
"../../../Engine/Content/VREditor/Teleport/TeleportDirectionMesh.uasset" 197
"../../../Engine/Content/VREditor/TransformGizmo/BoundingBoxCorner.uasset" 198
"../../../Engine/Content/VREditor/TransformGizmo/BoundingBoxEdge.uasset" 199
"../../../Engine/Content/VREditor/TransformGizmo/PlaneTranslationHandle.uasset" 200
"../../../Engine/Content/VREditor/TransformGizmo/RotationHandle.uasset" 201
"../../../Engine/Content/VREditor/TransformGizmo/RotationHandleFull.uasset" 202
"../../../Engine/Content/VREditor/TransformGizmo/RotationHandleIndicator.uasset" 203
"../../../Engine/Content/VREditor/TransformGizmo/RotationHandleQuarter.uasset" 204
"../../../Engine/Content/VREditor/TransformGizmo/Main.uasset" 205
"../../../Engine/Content/VREditor/TransformGizmo/Xray.uasset" 206
"../../../Engine/Content/VREditor/TransformGizmo/SM_Dialog_Close.uasset" 207
"../../../Engine/Content/VREditor/TransformGizmo/SM_Dialog_Move.uasset" 208
"../../../Engine/Content/VREditor/TransformGizmo/SM_Sequencer_Key.uasset" 209
"../../../Engine/Content/VREditor/TransformGizmo/StartRotationHandleIndicator.uasset" 210
"../../../Engine/Content/VREditor/TransformGizmo/TransformGizmoMaterial_Inst.uasset" 211
"../../../Engine/Content/VREditor/TransformGizmo/TranslateArrowHandle.uasset" 212
"../../../Engine/Content/VREditor/TransformGizmo/TranslationHandle.uasset" 213
"../../../Engine/Content/VREditor/TransformGizmo/TranslucentTransformGizmoMaterial_Inst.uasset" 214
"../../../Engine/Content/VREditor/TransformGizmo/UniformScaleHandle.uasset" 215
"../../../Engine/Content/VREditor/UI/KeyDiskMaterial.uasset" 216
"../../../Engine/Content/VREditor/UI/DiscMaterial.uasset" 217
"../../../Engine/Content/VREditor/UI/SM_Radial_Disk.uasset" 218
"../../../Engine/Content/Functions/Engine_MaterialFunctions01/Gradient/RadialGradient.uasset" 219
"../../../Engine/Content/VREditor/WorldMovementGrid/SimpleGrid.uasset" 220
"../../../Engine/Content/VREditor/WorldMovementGrid/GridMaterial.uasset" 221
"../../../Engine/Content/Functions/Engine_MaterialFunctions01/Density/ExponentialDensity.uasset" 222
"../../../Engine/Content/VREditor/WorldMovementGrid/GridPostProcess.uasset" 223
"../../../Engine/Content/EditorLandscapeResources/FlattenHeightMat.uasset" 224
"../../../Engine/Content/VREditor/WorldMovementGrid/PlaneMesh.uasset" 225
"../../../Engine/Plugins/2D/Paper2D/Content/DummySprite.uasset" 226
"../../../Engine/Plugins/2D/Paper2D/Content/DefaultPaperTerrainMaterial.uasset" 227
"../../../Engine/Plugins/2D/Paper2D/Content/DefaultSpriteMaterial.uasset" 228
"../../../Engine/Plugins/2D/Paper2D/Content/MaskedUnlitSpriteMaterial.uasset" 229
"../../../Engine/Plugins/2D/Paper2D/Content/OpaqueUnlitSpriteMaterial.uasset" 230
"../../../Engine/Plugins/2D/Paper2D/Content/PlaceholderTextures/DummySpriteTexture.uasset" 231
"../../../Engine/Plugins/Runtime/GearVR/Content/Textures/GearVRController_AO.uasset" 232
"../../../Engine/Plugins/Runtime/GearVR/Content/Textures/GearVRController_Color.uasset" 233
"../../../Engine/Plugins/Runtime/GearVR/Content/Textures/GearVRController_Normal.uasset" 234
"../../../Engine/Plugins/Runtime/GearVR/Content/Materials/GearVRControllerMaterial.uasset" 235
"../../../Engine/Plugins/Runtime/GearVR/Content/Meshes/GearVrController.uasset" 236
"../../../Mission2Mars/Content/Blueprints/GS_Main.uasset" 237
"../../../Engine/Content/EditorBlueprintResources/StandardMacros.uasset" 238
"../../../Mission2Mars/Content/Tables/task.uasset" 239
"../../../Mission2Mars/Content/Blueprints/Interfacing/ITF_population.uasset" 240
"../../../Mission2Mars/Content/Blueprints/Actors/team.uasset" 241
"../../../Mission2Mars/Content/Blueprints/Actors/citizen.uasset" 242
"../../../Mission2Mars/Content/Tables/research_enum.uasset" 243
"../../../Mission2Mars/Content/Tables/schema_enum.uasset" 244
"../../../Mission2Mars/Content/Tables/tile_enum.uasset" 245
"../../../Mission2Mars/Content/Tables/struct_research.uasset" 246
"../../../Mission2Mars/Content/Tables/Structs/citizen_struct.uasset" 247
"../../../Mission2Mars/Content/Blueprints/GI_main.uasset" 248
"../../../Mission2Mars/Content/Blueprints/Interfacing/ITF_UI.uasset" 249
"../../../Mission2Mars/Content/Graphics/Materials/Mat_WhitePoly.uasset" 250
"../../../Mission2Mars/Content/Graphics/Materials/Mat_MarsRed.uasset" 251
"../../../Mission2Mars/Content/Graphics/Stone_M_.uasset" 252
"../../../Mission2Mars/Content/Blueprints/Actors/RawResource.uasset" 253
"../../../Mission2Mars/Content/UserInterfaces/Launchpad/Crew_info.uasset" 254
"../../../Mission2Mars/Content/Graphics/UI/Buttons/Buildings/Bcon_Hab.uasset" 255
"../../../Mission2Mars/Content/Graphics/UI/Buttons/ButtonTextures/ButtonHovered1.uasset" 256
"../../../Mission2Mars/Content/Graphics/UI/Buttons/ButtonTextures/ButtonNormal1.uasset" 257
"../../../Mission2Mars/Content/Graphics/UI/Buttons/ButtonTextures/ButtonPressed1.uasset" 258
"../../../Mission2Mars/Content/Sounds/UI/buttonsnap.uasset" 259
"../../../Mission2Mars/Content/UserInterfaces/WG_button_crew_cabin.uasset" 260
"../../../Mission2Mars/Content/Graphics/UI/Buttons/icon_crew.uasset" 261
"../../../Mission2Mars/Content/UserInterfaces/Launchpad/crew_skill.uasset" 262
"../../../Mission2Mars/Content/UserInterfaces/WG_button_crew.uasset" 263
"../../../Mission2Mars/Content/Tables/loadout_struct.uasset" 264
"../../../Mission2Mars/Content/Tables/resources_enum.uasset" 265
"../../../Mission2Mars/Content/UserInterfaces/launchpad_qty.uasset" 266
"../../../Mission2Mars/Content/Graphics/UI/Stockpile_Icons/Icon_Battery.uasset" 267
"../../../Mission2Mars/Content/Graphics/UI/Stockpile_Icons/Icon_Conduit.uasset" 268
"../../../Mission2Mars/Content/Graphics/UI/Stockpile_Icons/Icon_FuelRods.uasset" 269
"../../../Mission2Mars/Content/Graphics/UI/Stockpile_Icons/Icon_PanelGlass.uasset" 270
"../../../Mission2Mars/Content/Graphics/UI/Stockpile_Icons/Icon_PanelMetal.uasset" 271
"../../../Mission2Mars/Content/Graphics/UI/Stockpile_Icons/Icon_PanelPlastic.uasset" 272
"../../../Mission2Mars/Content/Graphics/UI/Stockpile_Icons/Icon_PartsGlass.uasset" 273
"../../../Mission2Mars/Content/Graphics/UI/Stockpile_Icons/Icon_PartsMetal.uasset" 274
"../../../Mission2Mars/Content/Graphics/UI/Stockpile_Icons/Icon_PartsPlastic.uasset" 275
"../../../Mission2Mars/Content/Graphics/UI/Stockpile_Icons/Icon_Processor.uasset" 276
"../../../Mission2Mars/Content/Graphics/UI/Stockpile_Icons/Icon_QuantumProcessor.uasset" 277
"../../../Mission2Mars/Content/Graphics/UI/Stockpile_Icons/Icon_SolarCell.uasset" 278
"../../../Mission2Mars/Content/Graphics/UI/Stockpile_Icons/Icon_StructuralGlass.uasset" 279
"../../../Mission2Mars/Content/Graphics/UI/Stockpile_Icons/Icon_StructuralMetal.uasset" 280
"../../../Mission2Mars/Content/Graphics/UI/Stockpile_Icons/Icon_StructuralPlastic.uasset" 281
"../../../Mission2Mars/Content/Tables/icon_data.uasset" 282
"../../../Mission2Mars/Content/Tables/icons_components.uasset" 283
"../../../Mission2Mars/Content/Graphics/UI/Stockpile_Icons/Icon_Aluminium4.uasset" 284
"../../../Mission2Mars/Content/Graphics/UI/Stockpile_Icons/Icon_Biomass.uasset" 285
"../../../Mission2Mars/Content/Graphics/UI/Stockpile_Icons/Icon_CHx.uasset" 286
"../../../Mission2Mars/Content/Graphics/UI/Stockpile_Icons/Icon_Concrete.uasset" 287
"../../../Mission2Mars/Content/Graphics/UI/Stockpile_Icons/Icon_Fertilizer.uasset" 288
"../../../Mission2Mars/Content/Graphics/UI/Stockpile_Icons/Icon_Food.uasset" 289
"../../../Mission2Mars/Content/Graphics/UI/Stockpile_Icons/Icon_Halogens.uasset" 290
"../../../Mission2Mars/Content/Graphics/UI/Stockpile_Icons/Icon_Hydrogen.uasset" 291
"../../../Mission2Mars/Content/Graphics/UI/Stockpile_Icons/Icon_Iron.uasset" 292
"../../../Mission2Mars/Content/Graphics/UI/Stockpile_Icons/Icon_Nitrogen.uasset" 293
"../../../Mission2Mars/Content/Graphics/UI/Stockpile_Icons/Icon_Oxygen.uasset" 294
"../../../Mission2Mars/Content/Graphics/UI/Stockpile_Icons/Icon_RareMetal.uasset" 295
"../../../Mission2Mars/Content/Graphics/UI/Stockpile_Icons/Icon_RocketFuel.uasset" 296
"../../../Mission2Mars/Content/Graphics/UI/Stockpile_Icons/Icon_Rocks2.uasset" 297
"../../../Mission2Mars/Content/Graphics/UI/Stockpile_Icons/Icon_Sand.uasset" 298
"../../../Mission2Mars/Content/Graphics/UI/Stockpile_Icons/Icon_Silica.uasset" 299
"../../../Mission2Mars/Content/Graphics/UI/Stockpile_Icons/Icon_Sulphur.uasset" 300
"../../../Mission2Mars/Content/Graphics/UI/Stockpile_Icons/Icon_Water.uasset" 301
"../../../Mission2Mars/Content/Tables/material_icons.uasset" 302
"../../../Mission2Mars/Content/Graphics/UI/Buttons/ButtonImages/icon_survey_rover.uasset" 303
"../../../Mission2Mars/Content/Graphics/UI/Buttons/icon_mining.uasset" 304
"../../../Mission2Mars/Content/Graphics/UI/Buttons/icon_truck.uasset" 305
"../../../Mission2Mars/Content/Graphics/UI/Stockpile_Icons/computing_terminal.uasset" 306
"../../../Mission2Mars/Content/Graphics/UI/Stockpile_Icons/dump_truck.uasset" 307
"../../../Mission2Mars/Content/Graphics/UI/Stockpile_Icons/server_blade.uasset" 308
"../../../Mission2Mars/Content/Graphics/UI/Stockpile_Icons/server_rack.uasset" 309
"../../../Mission2Mars/Content/Tables/struct_product.uasset" 310
"../../../Mission2Mars/Content/Tables/resource_products.uasset" 311
"../../../Mission2Mars/Content/Graphics/UI/Stockpile_Icons/Icon_Ice.uasset" 312
"../../../Mission2Mars/Content/UserInterfaces/WG_requirment_TT.uasset" 313
"../../../Mission2Mars/Content/Graphics/UI/Buttons/ButtonImages/BCon_MakePanelMetal.uasset" 314
"../../../Mission2Mars/Content/UserInterfaces/Tutorial/tutorial_info_box.uasset" 315
"../../../Mission2Mars/Content/Graphics/UI/RandomPNG/RedX.uasset" 316
"../../../Mission2Mars/Content/Tables/Enums/launch_status_enum.uasset" 317
"../../../Mission2Mars/Content/UserInterfaces/MainMenuUI/Menu_ingame.uasset" 318
"../../../Mission2Mars/Content/UserInterfaces/UI_main.uasset" 319
"../../../Mission2Mars/Content/UserInterfaces/logistics_qty.uasset" 320
"../../../Mission2Mars/Content/Tables/Buildings/building_construction_struct.uasset" 321
"../../../Mission2Mars/Content/Tables/Buildings/buildings_construction.uasset" 322
"../../../Mission2Mars/Content/Graphics/UI/Buttons/ButtonTextures/ButtonNormal.uasset" 323
"../../../Mission2Mars/Content/Tables/control_modes_enum.uasset" 324
"../../../Mission2Mars/Content/UserInterfaces/WG_logistics_setup.uasset" 325
"../../../Mission2Mars/Content/UserInterfaces/WG_button_resources.uasset" 326
"../../../Mission2Mars/Content/UserInterfaces/WG_button_resources_launch.uasset" 327
"../../../Mission2Mars/Content/Graphics/Materials/Textures/greenhouse.uasset" 328
"../../../Mission2Mars/Content/Graphics/Materials/Buildings/greenhouse_Mat.uasset" 329
"../../../Mission2Mars/Content/Graphics/Materials/Textures/hab_basic.uasset" 330
"../../../Mission2Mars/Content/Graphics/Materials/Buildings/hab_basic_Mat.uasset" 331
"../../../Mission2Mars/Content/Graphics/Materials/Textures/hab_dorm.uasset" 332
"../../../Mission2Mars/Content/Graphics/Materials/Buildings/hab_dorm_Mat.uasset" 333
"../../../Mission2Mars/Content/Graphics/Materials/Textures/solar_plant.uasset" 334
"../../../Mission2Mars/Content/Graphics/Materials/Buildings/solar_plant_Mat.uasset" 335
"../../../Mission2Mars/Content/Graphics/Meshes/Material.uasset" 336
"../../../Mission2Mars/Content/Graphics/Meshes/apartment_block.uasset" 337
"../../../Mission2Mars/Content/Graphics/Meshes/apartment_tower.uasset" 338
"../../../Mission2Mars/Content/Graphics/Meshes/assembly_plant.uasset" 339
"../../../Mission2Mars/Content/Graphics/Meshes/atm_compressor.uasset" 340
"../../../Mission2Mars/Content/Graphics/Meshes/biofactory.uasset" 341
"../../../Mission2Mars/Content/Graphics/Meshes/collection_site.uasset" 342
"../../../Mission2Mars/Content/Graphics/Meshes/combined_production.uasset" 343
"../../../Mission2Mars/Content/Graphics/Meshes/data_center.uasset" 344
"../../../Mission2Mars/Content/Graphics/Meshes/eng_office.uasset" 345
"../../../Mission2Mars/Content/Graphics/Meshes/farm.uasset" 346
"../../../Mission2Mars/Content/Graphics/Meshes/greenhouse.uasset" 347
"../../../Mission2Mars/Content/Graphics/Meshes/gym.uasset" 348
"../../../Mission2Mars/Content/Graphics/Meshes/hab_basic.uasset" 349
"../../../Mission2Mars/Content/Graphics/Meshes/hab_dorm.uasset" 350
"../../../Mission2Mars/Content/Graphics/Meshes/hab_luxury.uasset" 351
"../../../Mission2Mars/Content/Graphics/Meshes/lab_basic.uasset" 352
"../../../Mission2Mars/Content/Graphics/Meshes/Material_001.uasset" 353
"../../../Mission2Mars/Content/Graphics/Meshes/Material_002.uasset" 354
"../../../Mission2Mars/Content/Graphics/Meshes/lander.uasset" 355
"../../../Mission2Mars/Content/Graphics/Meshes/logistics.uasset" 356
"../../../Mission2Mars/Content/Graphics/Meshes/machine_shop.uasset" 357
"../../../Mission2Mars/Content/Graphics/Meshes/marsha.uasset" 358
"../../../Mission2Mars/Content/Graphics/Meshes/mine_basic.uasset" 359
"../../../Mission2Mars/Content/Graphics/Meshes/nuke_plant.uasset" 360
"../../../Mission2Mars/Content/Graphics/Meshes/nuke_reactor.uasset" 361
"../../../Mission2Mars/Content/Graphics/Meshes/park.uasset" 362
"../../../Mission2Mars/Content/Graphics/Meshes/refinery.uasset" 363
"../../../Mission2Mars/Content/Graphics/Meshes/solar_plant.uasset" 364
"../../../Mission2Mars/Content/Graphics/Meshes/supply_yard.uasset" 365
"../../../Mission2Mars/Content/Graphics/Meshes/terraplant.uasset" 366
"../../../Mission2Mars/Content/Graphics/Meshes/water_well.uasset" 367
"../../../Mission2Mars/Content/Graphics/UI/Buttons/Buildings/Bcon_AssemblyPlant.uasset" 368
"../../../Mission2Mars/Content/Graphics/UI/Buttons/Buildings/Bcon_Biofactory.uasset" 369
"../../../Mission2Mars/Content/Graphics/UI/Buttons/Buildings/Bcon_CombinedProductionFacility.uasset" 370
"../../../Mission2Mars/Content/Graphics/UI/Buttons/Buildings/Bcon_EngineeringOffice.uasset" 371
"../../../Mission2Mars/Content/Graphics/UI/Buttons/Buildings/Bcon_Farm.uasset" 372
"../../../Mission2Mars/Content/Graphics/UI/Buttons/Buildings/Bcon_Greenhouse.uasset" 373
"../../../Mission2Mars/Content/Graphics/UI/Buttons/Buildings/Bcon_Gym.uasset" 374
"../../../Mission2Mars/Content/Graphics/UI/Buttons/Buildings/Bcon_Lab.uasset" 375
"../../../Mission2Mars/Content/Graphics/UI/Buttons/Buildings/BCON_Lander.uasset" 376
"../../../Mission2Mars/Content/Graphics/UI/Buttons/Buildings/Bcon_LogisticsFacility.uasset" 377
"../../../Mission2Mars/Content/Graphics/UI/Buttons/Buildings/Bcon_Machineshop.uasset" 378
"../../../Mission2Mars/Content/Graphics/UI/Buttons/Buildings/Bcon_Park.uasset" 379
"../../../Mission2Mars/Content/Graphics/UI/Buttons/Buildings/Bcon_SolarPlant.uasset" 380
"../../../Mission2Mars/Content/Graphics/UI/Buttons/Buildings/Bcon_TerraPlant.uasset" 381
"../../../Mission2Mars/Content/Graphics/UI/Buttons/Buildings/BconMine.uasset" 382
"../../../Mission2Mars/Content/Graphics/UI/Buttons/Buildings/icon-building-apartmentblock.uasset" 383
"../../../Mission2Mars/Content/Graphics/UI/Buttons/Buildings/icon-building-apartmenttower.uasset" 384
"../../../Mission2Mars/Content/Graphics/UI/Buttons/Buildings/icon-building-atmospherecompressor.uasset" 385
"../../../Mission2Mars/Content/Graphics/UI/Buttons/Buildings/icon-building-collectionsite.uasset" 386
"../../../Mission2Mars/Content/Graphics/UI/Buttons/Buildings/icon-building-data.uasset" 387
"../../../Mission2Mars/Content/Graphics/UI/Buttons/Buildings/icon-building-dormitory.uasset" 388
"../../../Mission2Mars/Content/Graphics/UI/Buttons/Buildings/icon-building-geneticsfacility.uasset" 389
"../../../Mission2Mars/Content/Graphics/UI/Buttons/Buildings/icon-building-luxuryvilla.uasset" 390
"../../../Mission2Mars/Content/Graphics/UI/Buttons/Buildings/icon-building-marsha.uasset" 391
"../../../Mission2Mars/Content/Graphics/UI/Buttons/Buildings/icon-building-nuclearreactor.uasset" 392
"../../../Mission2Mars/Content/Graphics/UI/Buttons/Buildings/icon-building-refinery.uasset" 393
"../../../Mission2Mars/Content/Graphics/UI/Buttons/Buildings/icon-building-supplyyard.uasset" 394
"../../../Mission2Mars/Content/Graphics/UI/Buttons/Buildings/icon-building-warehouse.uasset" 395
"../../../Mission2Mars/Content/Graphics/UI/Buttons/Buildings/icon-building-waterdrill.uasset" 396
"../../../Mission2Mars/Content/Tables/Buildings/building_categories.uasset" 397
"../../../Mission2Mars/Content/Tables/Buildings/buildings_basic_struct.uasset" 398
"../../../Mission2Mars/Content/Tables/Buildings/buildings_basic.uasset" 399
"../../../Mission2Mars/Content/Tables/Loadouts_default.uasset" 400
"../../../Mission2Mars/Content/UserInterfaces/Launchpad/Button_skill_filter.uasset" 401
"../../../Mission2Mars/Content/UserInterfaces/WG_button_launch_building.uasset" 402
"../../../Mission2Mars/Content/Tables/Enums/launch_add_mode.uasset" 403
"../../../Mission2Mars/Content/UserInterfaces/Launchpad/UI_Rocket_payload.uasset" 404
"../../../Mission2Mars/Content/Tables/tech_table.uasset" 405
"../../../Mission2Mars/Content/Blueprints/PP_Main.uasset" 406
"../../../Mission2Mars/Content/UserInterfaces/Notification.uasset" 407
"../../../Mission2Mars/Content/UserInterfaces/WG_counter_win.uasset" 408
"../../../Mission2Mars/Content/UserInterfaces/WG_Victory.uasset" 409
"../../../Mission2Mars/Content/Blueprints/Actors/construction_status_enum.uasset" 410
"../../../Mission2Mars/Content/Tables/refine_mode_enum.uasset" 411
"../../../Mission2Mars/Content/UserInterfaces/power_px.uasset" 412
"../../../Mission2Mars/Content/UserInterfaces/power_col.uasset" 413
"../../../Mission2Mars/Content/Blueprints/Actors/population.uasset" 414
"../../../Mission2Mars/Content/Tables/assembly_order.uasset" 415
"../../../Mission2Mars/Content/Tables/production_enum.uasset" 416
"../../../Mission2Mars/Content/Tables/Buildings/building_schema_struct.uasset" 417
"../../../Mission2Mars/Content/Tables/Buildings/building_struct.uasset" 418
"../../../Mission2Mars/Content/Tables/mission_logistics.uasset" 419
"../../../Mission2Mars/Content/Tables/production_component.uasset" 420
"../../../Mission2Mars/Content/Tables/schema_refine_struct.uasset" 421
"../../../Mission2Mars/Content/Tables/struct_schema_production.uasset" 422
"../../../Mission2Mars/Content/Tables/upgrades/upgrade_struct.uasset" 423
"../../../Mission2Mars/Content/Graphics/Meshes/maker_post.uasset" 424
"../../../Mission2Mars/Content/Blueprints/Actors/explored_tile.uasset" 425
"../../../Mission2Mars/Content/Blueprints/Interfacing/ITF_Stockpiles.uasset" 426
"../../../Mission2Mars/Content/Tables/composition.uasset" 427
"../../../Mission2Mars/Content/Tables/resource_composition.uasset" 428
"../../../Mission2Mars/Content/Graphics/UI/RandomPNG/beaker.uasset" 429
"../../../Mission2Mars/Content/UserInterfaces/WG_HoverText.uasset" 430
"../../../Mission2Mars/Content/UserInterfaces/WG_composition_mat.uasset" 431
"../../../Mission2Mars/Content/Graphics/Materials/mat_tile_rock.uasset" 432
"../../../Mission2Mars/Content/Graphics/Materials/mat_tile_sand.uasset" 433
"../../../Mission2Mars/Content/Graphics/Materials/Textures/MarsSoilUVC.uasset" 434
"../../../Mission2Mars/Content/Graphics/Materials/Mat_TileDefault.uasset" 435
"../../../Mission2Mars/Content/Graphics/tile.uasset" 436
"../../../Mission2Mars/Content/Graphics/tileactor.uasset" 437
"../../../Mission2Mars/Content/Blueprints/Actors/GroundTile.uasset" 438
"../../../Mission2Mars/Content/Graphics/Meshes/survey.uasset" 439
"../../../Mission2Mars/Content/Blueprints/Actors/survey_mission.uasset" 440
"../../../Mission2Mars/Content/Tables/fabrication_order.uasset" 441
"../../../Mission2Mars/Content/Tables/Structs/mission_science.uasset" 442
"../../../Mission2Mars/Content/Graphics/UI/Stockpile_Icons/Icon_ATMGas.uasset" 443
"../../../Mission2Mars/Content/Tables/Structs/struct_resource_basic.uasset" 444
"../../../Mission2Mars/Content/Tables/resource_basic.uasset" 445
"../../../Mission2Mars/Content/Graphics/UI/RandomPNG/Gear1.uasset" 446
"../../../Mission2Mars/Content/Graphics/UI/Stockpile_Icons/Icon_Rocks1.uasset" 447
"../../../Mission2Mars/Content/UserInterfaces/WG_Buttons_ConnectedResources.uasset" 448
"../../../Mission2Mars/Content/Tables/schemas_mining_struct.uasset" 449
"../../../Mission2Mars/Content/Tables/struct_schema_passive.uasset" 450
"../../../Mission2Mars/Content/Tables/Structs/logistics_request.uasset" 451
"../../../Mission2Mars/Content/Tables/component_production.uasset" 452
"../../../Mission2Mars/Content/Graphics/UI/Buttons/ButtonImages/Bcon_IceMining.uasset" 453
"../../../Mission2Mars/Content/Graphics/UI/Buttons/ButtonImages/Bcon_Rockminging.uasset" 454
"../../../Mission2Mars/Content/Graphics/UI/Buttons/ButtonImages/Bcon_SandMining.uasset" 455
"../../../Mission2Mars/Content/Graphics/UI/Buttons/ButtonImages/Bcon_WaterDrilling.uasset" 456
"../../../Mission2Mars/Content/Tables/schemas_mining.uasset" 457
"../../../Mission2Mars/Content/Tables/schemas_production.uasset" 458
"../../../Mission2Mars/Content/Graphics/UI/Buttons/ButtonImages/Bcon_AluminiumRefining.uasset" 459
"../../../Mission2Mars/Content/Graphics/UI/Buttons/ButtonImages/Bcon_Electrolysis.uasset" 460
"../../../Mission2Mars/Content/Tables/schemas_refining.uasset" 461
"../../../Mission2Mars/Content/Tables/mining_mode_enum.uasset" 462
"../../../Mission2Mars/Content/UserInterfaces/WG_button_schema_running_type.uasset" 463
"../../../Mission2Mars/Content/Graphics/UI/Buttons/ButtonImages/Bcon_Manufacture.uasset" 464
"../../../Mission2Mars/Content/Graphics/UI/Buttons/ButtonImages/icon_upgrade.uasset" 465
"../../../Mission2Mars/Content/Graphics/UI/Buttons/icon_mission.uasset" 466
"../../../Mission2Mars/Content/Graphics/UI/Buttons/icon_refine.uasset" 467
"../../../Mission2Mars/Content/Graphics/UI/Buttons/icon_research.uasset" 468
"../../../Mission2Mars/Content/Tables/icons_schemas.uasset" 469
"../../../Mission2Mars/Content/UserInterfaces/WG_const_team_panel.uasset" 470
"../../../Mission2Mars/Content/UserInterfaces/info_modules.uasset" 471
"../../../Mission2Mars/Content/UserInterfaces/txt_TT.uasset" 472
"../../../Mission2Mars/Content/UserInterfaces/WG_button_mod_info.uasset" 473
"../../../Mission2Mars/Content/UserInterfaces/WG_button_schema_running.uasset" 474
"../../../Mission2Mars/Content/Tables/struct_schema_mission.uasset" 475
"../../../Mission2Mars/Content/Tables/Buildings/buildings_table.uasset" 476
"../../../Mission2Mars/Content/UserInterfaces/WG_TT_icon.uasset" 477
"../../../Mission2Mars/Content/UserInterfaces/WG_TT_tech.uasset" 478
"../../../Mission2Mars/Content/UserInterfaces/instruction_txt.uasset" 479
"../../../Mission2Mars/Content/UserInterfaces/WG_lab_info.uasset" 480
"../../../Mission2Mars/Content/UserInterfaces/UI_TechTree.uasset" 481
"../../../Mission2Mars/Content/UserInterfaces/WG_eng_info.uasset" 482
"../../../Mission2Mars/Content/UserInterfaces/WG_button_AddResTeam.uasset" 483
"../../../Mission2Mars/Content/Graphics/UI/Buttons/ButtonImages/Bcon_Chemical.uasset" 484
"../../../Mission2Mars/Content/Graphics/UI/Buttons/ButtonImages/Bcon_Furnace.uasset" 485
"../../../Mission2Mars/Content/Graphics/UI/Buttons/ButtonImages/Bcon_Mechanical.uasset" 486
"../../../Mission2Mars/Content/Graphics/UI/RandomPNG/pouringmetal1.uasset" 487
"../../../Mission2Mars/Content/UserInterfaces/WG_button_base_refine.uasset" 488
"../../../Mission2Mars/Content/Graphics/UI/Buttons/Missions/survey_tile.uasset" 489
"../../../Mission2Mars/Content/Tables/schemas_mission.uasset" 490
"../../../Mission2Mars/Content/Tables/mission_enum.uasset" 491
"../../../Mission2Mars/Content/UserInterfaces/WG_button_mission_schema.uasset" 492
"../../../Mission2Mars/Content/UserInterfaces/WG_button_mission_unit.uasset" 493
"../../../Mission2Mars/Content/Graphics/UI/Buttons/icon_logsitics.uasset" 494
"../../../Mission2Mars/Content/UserInterfaces/WG_button_mission_cat.uasset" 495
"../../../Mission2Mars/Content/UserInterfaces/WG_req_counter.uasset" 496
"../../../Mission2Mars/Content/Tables/Buildings/building_schemas.uasset" 497
"../../../Mission2Mars/Content/Tables/schemas_growing.uasset" 498
"../../../Mission2Mars/Content/UserInterfaces/WG_button_produce.uasset" 499
"../../../Mission2Mars/Content/UserInterfaces/WG_button_schema_base.uasset" 500
"../../../Mission2Mars/Content/Graphics/UI/Buttons/ButtonImages/bcon_cement_plant.uasset" 501
"../../../Mission2Mars/Content/Graphics/UI/Buttons/ButtonImages/bcon_gas_refine.uasset" 502
"../../../Mission2Mars/Content/Tables/upgrades/schemas_upgrade.uasset" 503
"../../../Mission2Mars/Content/UserInterfaces/WG_button_UpgradeSchema.uasset" 504
"../../../Mission2Mars/Content/Tables/upgrades/upgrade_categories.uasset" 505
"../../../Mission2Mars/Content/UserInterfaces/WG_button_upgrade_category.uasset" 506
"../../../Mission2Mars/Content/UserInterfaces/ENG_tech.uasset" 507
"../../../Mission2Mars/Content/UserInterfaces/UI_ENG_tree.uasset" 508
"../../../Mission2Mars/Content/UserInterfaces/eng_info.uasset" 509
"../../../Mission2Mars/Content/UserInterfaces/WG_button_lab_category.uasset" 510
"../../../Mission2Mars/Content/UserInterfaces/WG_button_lab_team.uasset" 511
"../../../Mission2Mars/Content/UserInterfaces/WG_button_schema_type.uasset" 512
"../../../Mission2Mars/Content/Tables/schemas_passive.uasset" 513
"../../../Mission2Mars/Content/UserInterfaces/WG_button_schema_refine.uasset" 514
"../../../Mission2Mars/Content/UserInterfaces/WG_button_resources_const.uasset" 515
"../../../Mission2Mars/Content/UserInterfaces/info_const_team.uasset" 516
"../../../Mission2Mars/Content/UserInterfaces/WG_button_Add_cosnt_Team.uasset" 517
"../../../Mission2Mars/Content/UserInterfaces/info_const_crew.uasset" 518
"../../../Mission2Mars/Content/UserInterfaces/WG_construction_info.uasset" 519
"../../../Mission2Mars/Content/UserInterfaces/WG_button_queue.uasset" 520
"../../../Mission2Mars/Content/UserInterfaces/build_queue.uasset" 521
"../../../Mission2Mars/Content/UserInterfaces/WG_button_Add_Team.uasset" 522
"../../../Mission2Mars/Content/UserInterfaces/info_labour.uasset" 523
"../../../Mission2Mars/Content/UserInterfaces/WG_info_data.uasset" 524
"../../../Mission2Mars/Content/UserInterfaces/WG_info_schema_running.uasset" 525
"../../../Mission2Mars/Content/UserInterfaces/WG_StandardBuildingButtons.uasset" 526
"../../../Mission2Mars/Content/Graphics/Meshes/construction_tent.uasset" 527
"../../../Mission2Mars/Content/Graphics/Meshes/gas_tank.uasset" 528
"../../../Mission2Mars/Content/Graphics/Meshes/skydome.uasset" 529
"../../../Mission2Mars/Content/Sounds/building/91402__benboncan__excavator-departing.uasset" 530
"../../../Mission2Mars/Content/Tables/passive_category_enum.uasset" 531
"../../../Mission2Mars/Content/Blueprints/Actors/Building.uasset" 532
"../../../Mission2Mars/Content/UserInterfaces/WG_button_const1.uasset" 533
"../../../Mission2Mars/Content/Graphics/UI/Buttons/ButtonImages/icon_residential.uasset" 534
"../../../Mission2Mars/Content/Graphics/UI/RandomPNG/Leaf5.uasset" 535
"../../../Mission2Mars/Content/UserInterfaces/WG_button_building_category.uasset" 536
"../../../Mission2Mars/Content/Graphics/m2mheader.uasset" 537
"../../../Mission2Mars/Content/UserInterfaces/Loading_screen.uasset" 538
"../../../Mission2Mars/Content/UserInterfaces/LandingSelection/UI_Global.uasset" 539
"../../../Mission2Mars/Content/UserInterfaces/WG_counter_mat.uasset" 540
"../../../Mission2Mars/Content/UserInterfaces/WG_Inventory.uasset" 541
"../../../Mission2Mars/Content/UserInterfaces/WG_Components.uasset" 542
"../../../Mission2Mars/Content/UserInterfaces/WG_Resources.uasset" 543
"../../../Mission2Mars/Content/Graphics/UI/RandomPNG/IMG_InventorySlot.uasset" 544
"../../../Mission2Mars/Content/UserInterfaces/SlotInventorySystem/WG_InventorySlot.uasset" 545
"../../../Mission2Mars/Content/UserInterfaces/SlotInventorySystem/InventoryPlaceholder.uasset" 546
"../../../Mission2Mars/Content/UserInterfaces/SlotInventorySystem/WG_InventoryItem.uasset" 547
"../../../Mission2Mars/Content/UserInterfaces/SlotInventorySystem/WG_InventoryRow.uasset" 548
"../../../Mission2Mars/Content/Tables/InventoryControlMode_Enum.uasset" 549
"../../../Mission2Mars/Content/UserInterfaces/SlotInventorySystem/WG_InventoryMain.uasset" 550
"../../../Mission2Mars/Content/Blueprints/Pc_Main.uasset" 551
"../../../Mission2Mars/Content/Blueprints/Ps_Main.uasset" 552
"../../../Mission2Mars/Content/Blueprints/GM_Main1.uasset" 553
"../../../Mission2Mars/Content/Tables/Structs/tutorial_table_struct.uasset" 554
"../../../Mission2Mars/Content/Tables/tutorial.uasset" 555
"../../../Mission2Mars/Content/Tables/Enums/tutorial_map.uasset" 556
"../../../Mission2Mars/Content/UserInterfaces/Tutorial/tutorial_main.uasset" 557
"../../../Engine/Content/BasicShapes/BasicShapeMaterial.uasset" 558
"../../../Mission2Mars/Content/Graphics/Materials/mat_mars_global.uasset" 559
"../../../Engine/Content/BasicShapes/Cube.uasset" 560
"../../../Engine/Content/BasicShapes/Plane.uasset" 561
"../../../Mission2Mars/Content/Levels/Landing_selection.umap" 562
"../../../Mission2Mars/Content/Graphics/Materials/concrete_Mat.uasset" 563
"../../../Mission2Mars/Content/Graphics/Materials/mat_sky.uasset" 564
"../../../Mission2Mars/Content/Graphics/Meshes/launchpad.uasset" 565
"../../../Mission2Mars/Content/Graphics/Meshes/rocket_earth.uasset" 566
"../../../Mission2Mars/Content/Levels/launchpad.umap" 567
"../../../Mission2Mars/Content/Levels/Loading_Screen.umap" 568
"../../../Mission2Mars/Content/Graphics/Materials/Textures/MarsSphere_UVC.uasset" 569
"../../../Mission2Mars/Content/Graphics/Materials/Mat_MarsShpere.uasset" 570
"../../../Mission2Mars/Content/Graphics/MarsSphere.uasset" 571
"../../../Mission2Mars/Content/Blueprints/Actors/MarsSphere.uasset" 572
"../../../Mission2Mars/Content/Blueprints/SaveGames/SG_SaveSlotNames.uasset" 573
"../../../Mission2Mars/Content/Blueprints/SaveGames/SG_Test.uasset" 574
"../../../Mission2Mars/Content/UserInterfaces/MainMenuUI/WG_SavedGame.uasset" 575
"../../../Mission2Mars/Content/Graphics/UI/Stockpile_Icons/Icon_Dust.uasset" 576
"../../../Mission2Mars/Content/UserInterfaces/MainMenuUI/UI_MainMenu.uasset" 577
"../../../Mission2Mars/Content/Blueprints/PC_MainMenu.uasset" 578
"../../../Mission2Mars/Content/Blueprints/PP_MainMenu.uasset" 579
"../../../Mission2Mars/Content/Blueprints/GM_MainMenu1.uasset" 580
"../../../Mission2Mars/Content/Levels/Menu_Main.umap" 581
"../../../Mission2Mars/Content/Blueprints/Actors/terrain_mountain.uasset" 582
"../../../Mission2Mars/Content/Levels/package_test_BuiltData.uasset" 583
"../../../Engine/Content/Functions/Engine_MaterialFunctions02/Utility/MakeFloat4.uasset" 584
"../../../Mission2Mars/Content/Graphics/Materials/sky_mars_Mat.uasset" 585
"../../../Engine/Content/BasicShapes/Cylinder.uasset" 586
"../../../Mission2Mars/Content/Tables/loadout_enum.uasset" 587
"../../../Mission2Mars/Content/Levels/package_test.umap" 588
"../../../Mission2Mars/Content/Tables/loadout_dev.uasset" 589
"../../../Mission2Mars/Content/Levels/travis_test_BuiltData.uasset" 590
"../../../Mission2Mars/Content/Levels/travis_test.umap" 591
"../../../Engine/Content/Maps/Entry.umap" 592
